<?xml version="1.0" encoding="UTF-8"?>
<!-- Generated by org.testng.reporters.JUnitReportReporter -->
<testsuite hostname="DELL" name="com.javaLive.springmvc.service.EmployeeServiceImplTest" tests="7" failures="0" timestamp="29 Mar 2021 15:02:11 GMT" time="0.127" errors="0">
  <testcase name="findAllEmployees" time="0.017" classname="com.javaLive.springmvc.service.EmployeeServiceImplTest"/>
  <testcase name="deleteEmployeeBySsn" time="0.061" classname="com.javaLive.springmvc.service.EmployeeServiceImplTest"/>
  <testcase name="saveEmployee" time="0.008" classname="com.javaLive.springmvc.service.EmployeeServiceImplTest"/>
  <testcase name="updateEmployee" time="0.014" classname="com.javaLive.springmvc.service.EmployeeServiceImplTest"/>
  <testcase name="isEmployeeSsnUnique" time="0.008" classname="com.javaLive.springmvc.service.EmployeeServiceImplTest"/>
  <testcase name="findEmployeeBySsn" time="0.008" classname="com.javaLive.springmvc.service.EmployeeServiceImplTest"/>
  <testcase name="findById" time="0.011" classname="com.javaLive.springmvc.service.EmployeeServiceImplTest"/>
</testsuite> <!-- com.javaLive.springmvc.service.EmployeeServiceImplTest -->
