<?xml version="1.0" encoding="UTF-8"?>
<!-- Generated by org.testng.reporters.JUnitReportReporter -->
<testsuite hostname="DELL" name="com.javaLive.springmvc.dao.EmployeeDaoImplTest" tests="6" failures="0" timestamp="29 Mar 2021 15:01:41 GMT" time="1.749" errors="0">
  <testcase name="findById" time="0.142" classname="com.javaLive.springmvc.dao.EmployeeDaoImplTest"/>
  <testcase name="saveEmployee" time="0.114" classname="com.javaLive.springmvc.dao.EmployeeDaoImplTest"/>
  <testcase name="findEmployeeBySsn" time="0.131" classname="com.javaLive.springmvc.dao.EmployeeDaoImplTest"/>
  <testcase name="findAllEmployees" time="0.078" classname="com.javaLive.springmvc.dao.EmployeeDaoImplTest"/>
  <testcase name="deleteEmployeeBySsn" time="0.281" classname="com.javaLive.springmvc.dao.EmployeeDaoImplTest"/>
  <testcase name="deleteEmployeeByInvalidSsn" time="1.003" classname="com.javaLive.springmvc.dao.EmployeeDaoImplTest"/>
</testsuite> <!-- com.javaLive.springmvc.dao.EmployeeDaoImplTest -->
