<?xml version="1.0" encoding="UTF-8"?>
<!-- Generated by org.testng.reporters.JUnitReportReporter -->
<testsuite hostname="DELL" name="com.javaLive.springmvc.controller.AppControllerTest" tests="10" failures="0" timestamp="29 Mar 2021 15:01:16 GMT" time="0.223" errors="0">
  <testcase name="saveEmployeeWithSuccess" time="0.009" classname="com.javaLive.springmvc.controller.AppControllerTest"/>
  <testcase name="newEmployee" time="0.014" classname="com.javaLive.springmvc.controller.AppControllerTest"/>
  <testcase name="saveEmployeeWithValidationError" time="0.004" classname="com.javaLive.springmvc.controller.AppControllerTest"/>
  <testcase name="updateEmployeeWithValidationError" time="0.010" classname="com.javaLive.springmvc.controller.AppControllerTest"/>
  <testcase name="saveEmployeeWithValidationErrorNonUniqueSSN" time="0.009" classname="com.javaLive.springmvc.controller.AppControllerTest"/>
  <testcase name="deleteEmployee" time="0.050" classname="com.javaLive.springmvc.controller.AppControllerTest"/>
  <testcase name="listEmployees" time="0.027" classname="com.javaLive.springmvc.controller.AppControllerTest"/>
  <testcase name="updateEmployeeWithSuccess" time="0.003" classname="com.javaLive.springmvc.controller.AppControllerTest"/>
  <testcase name="editEmployee" time="0.089" classname="com.javaLive.springmvc.controller.AppControllerTest"/>
  <testcase name="updateEmployeeWithValidationErrorNonUniqueSSN" time="0.008" classname="com.javaLive.springmvc.controller.AppControllerTest"/>
</testsuite> <!-- com.javaLive.springmvc.controller.AppControllerTest -->
